<?xml version="1.0" encoding="UTF-8"?>
<!-- Generated by org.testng.reporters.JUnitXMLReporter -->
<testsuite ignored="0" hostname="IDEAPAD" failures="1" tests="3" name="Test" time="38.251" errors="0" timestamp="2023-02-23T01:14:13 IST">
  <testcase classname="com.TestProjectFramework.TestScript.loginScript" name="validateLogin" time="7.185">
    <skipped/>
  </testcase> <!-- validateLogin -->
  <testcase classname="com.TestProjectFramework.TestScript.loginScript" name="validateLogin" time="7.407">
    <failure type="java.lang.AssertionError" message="expected [true] but found [false]">
      <![CDATA[java.lang.AssertionError: expected [true] but found [false]
at com.TestProjectFramework.Util.UtilMethods.validateUrl(UtilMethods.java:11)
at com.TestProjectFramework.TestScript.loginScript.validateLogin(loginScript.java:32)
at java.base/java.util.ArrayList.forEach(ArrayList.java:1511)
... Removed 31 stack frames]]>
    </failure>
  </testcase> <!-- validateLogin -->
  <testcase classname="com.TestProjectFramework.TestScript.loginScript" name="validateLogin" time="7.63"/>
</testsuite> <!-- Test -->
