<?xml version="1.0" encoding="UTF-8"?>
<testng-results retried="1" ignored="0" total="3" passed="1" failed="1" skipped="0">
  <reporter-output>
    <line>
      <![CDATA[Setting Done Test starts.....]]>
    </line>
    <line>
      <![CDATA[Test Started]]>
    </line>
    <line>
      <![CDATA[Setting Done Test starts.....]]>
    </line>
    <line>
      <![CDATA[Test Started]]>
    </line>
    <line>
      <![CDATA[Setting Done Test starts.....]]>
    </line>
    <line>
      <![CDATA[Test Started]]>
    </line>
  </reporter-output>
  <suite started-at="2023-02-23T01:13:34 IST" name="Suite" finished-at="2023-02-23T01:14:13 IST" duration-ms="38251">
    <groups>
    </groups>
    <test started-at="2023-02-23T01:13:34 IST" name="Test" finished-at="2023-02-23T01:14:13 IST" duration-ms="38251">
      <class name="com.TestProjectFramework.TestScript.loginScript">
        <test-method is-config="true" signature="SetReport()[pri:0, instance:com.TestProjectFramework.TestScript.loginScript@6404f418]" started-at="2023-02-23T01:13:34 IST" name="SetReport" finished-at="2023-02-23T01:13:34 IST" duration-ms="303" status="PASS">
          <reporter-output>
          </reporter-output>
        </test-method> <!-- SetReport -->
        <test-method is-config="true" signature="initialSetup()[pri:0, instance:com.TestProjectFramework.TestScript.loginScript@6404f418]" started-at="2023-02-23T01:13:36 IST" name="initialSetup" finished-at="2023-02-23T01:13:41 IST" duration-ms="4817" status="PASS">
          <reporter-output>
            <line>
              <![CDATA[Setting Done Test starts.....]]>
            </line>
            <line>
              <![CDATA[Test Started]]>
            </line>
          </reporter-output>
        </test-method> <!-- initialSetup -->
        <test-method retried="true" signature="validateLogin(java.lang.String,java.lang.String)[pri:0, instance:com.TestProjectFramework.TestScript.loginScript@6404f418]" started-at="2023-02-23T01:13:41 IST" name="validateLogin" data-provider="LoginData" finished-at="2023-02-23T01:13:48 IST" duration-ms="7185" status="SKIP">
          <params>
            <param index="0">
              <value>
                <![CDATA[SuperAdmin]]>
              </value>
            </param>
            <param index="1">
              <value>
                <![CDATA[sadmin]]>
              </value>
            </param>
          </params>
          <exception class="java.lang.AssertionError">
            <message>
              <![CDATA[expected [true] but found [false]]]>
            </message>
            <full-stacktrace>
              <![CDATA[java.lang.AssertionError: expected [true] but found [false]
at org.testng.Assert.fail(Assert.java:110)
at org.testng.Assert.failNotEquals(Assert.java:1413)
at org.testng.Assert.assertTrue(Assert.java:56)
at org.testng.Assert.assertTrue(Assert.java:66)
at com.TestProjectFramework.Util.UtilMethods.validateUrl(UtilMethods.java:11)
at com.TestProjectFramework.TestScript.loginScript.validateLogin(loginScript.java:32)
at java.base/jdk.internal.reflect.NativeMethodAccessorImpl.invoke0(Native Method)
at java.base/jdk.internal.reflect.NativeMethodAccessorImpl.invoke(NativeMethodAccessorImpl.java:77)
at java.base/jdk.internal.reflect.DelegatingMethodAccessorImpl.invoke(DelegatingMethodAccessorImpl.java:43)
at java.base/java.lang.reflect.Method.invoke(Method.java:568)
at org.testng.internal.invokers.MethodInvocationHelper.invokeMethod(MethodInvocationHelper.java:139)
at org.testng.internal.invokers.TestInvoker.invokeMethod(TestInvoker.java:677)
at org.testng.internal.invokers.TestInvoker.invokeTestMethod(TestInvoker.java:221)
at org.testng.internal.invokers.MethodRunner.runInSequence(MethodRunner.java:50)
at org.testng.internal.invokers.TestInvoker$MethodInvocationAgent.invoke(TestInvoker.java:969)
at org.testng.internal.invokers.TestInvoker.invokeTestMethods(TestInvoker.java:194)
at org.testng.internal.invokers.TestMethodWorker.invokeTestMethods(TestMethodWorker.java:148)
at org.testng.internal.invokers.TestMethodWorker.run(TestMethodWorker.java:128)
at java.base/java.util.ArrayList.forEach(ArrayList.java:1511)
at org.testng.TestRunner.privateRun(TestRunner.java:829)
at org.testng.TestRunner.run(TestRunner.java:602)
at org.testng.SuiteRunner.runTest(SuiteRunner.java:437)
at org.testng.SuiteRunner.runSequentially(SuiteRunner.java:431)
at org.testng.SuiteRunner.privateRun(SuiteRunner.java:391)
at org.testng.SuiteRunner.run(SuiteRunner.java:330)
at org.testng.SuiteRunnerWorker.runSuite(SuiteRunnerWorker.java:52)
at org.testng.SuiteRunnerWorker.run(SuiteRunnerWorker.java:95)
at org.testng.TestNG.runSuitesSequentially(TestNG.java:1256)
at org.testng.TestNG.runSuitesLocally(TestNG.java:1176)
at org.testng.TestNG.runSuites(TestNG.java:1099)
at org.testng.TestNG.run(TestNG.java:1067)
at org.testng.remote.AbstractRemoteTestNG.run(AbstractRemoteTestNG.java:115)
at org.testng.remote.RemoteTestNG.initAndRun(RemoteTestNG.java:251)
at org.testng.remote.RemoteTestNG.main(RemoteTestNG.java:77)
]]>
            </full-stacktrace>
          </exception> <!-- java.lang.AssertionError -->
          <reporter-output>
          </reporter-output>
        </test-method> <!-- validateLogin -->
        <test-method is-config="true" signature="closeBrowser(org.testng.ITestResult)[pri:0, instance:com.TestProjectFramework.TestScript.loginScript@6404f418]" started-at="2023-02-23T01:13:48 IST" name="closeBrowser" finished-at="2023-02-23T01:13:48 IST" duration-ms="408" status="PASS">
          <params>
            <param index="0">
              <value>
                <![CDATA[[TestResult name=validateLogin status=SKIP method=loginScript.validateLogin(java.lang.String,java.lang.String)[pri:0, instance:com.TestProjectFramework.TestScript.loginScript@6404f418] output={null}]]]>
              </value>
            </param>
          </params>
          <reporter-output>
          </reporter-output>
        </test-method> <!-- closeBrowser -->
        <test-method is-config="true" signature="initialSetup()[pri:0, instance:com.TestProjectFramework.TestScript.loginScript@6404f418]" started-at="2023-02-23T01:13:49 IST" name="initialSetup" finished-at="2023-02-23T01:13:53 IST" duration-ms="4086" status="PASS">
          <reporter-output>
            <line>
              <![CDATA[Setting Done Test starts.....]]>
            </line>
            <line>
              <![CDATA[Test Started]]>
            </line>
          </reporter-output>
        </test-method> <!-- initialSetup -->
        <test-method signature="validateLogin(java.lang.String,java.lang.String)[pri:0, instance:com.TestProjectFramework.TestScript.loginScript@6404f418]" started-at="2023-02-23T01:13:53 IST" name="validateLogin" data-provider="LoginData" finished-at="2023-02-23T01:14:00 IST" duration-ms="7407" status="FAIL">
          <params>
            <param index="0">
              <value>
                <![CDATA[SuperAdmin]]>
              </value>
            </param>
            <param index="1">
              <value>
                <![CDATA[sadmin]]>
              </value>
            </param>
          </params>
          <exception class="java.lang.AssertionError">
            <message>
              <![CDATA[expected [true] but found [false]]]>
            </message>
            <full-stacktrace>
              <![CDATA[java.lang.AssertionError: expected [true] but found [false]
at org.testng.Assert.fail(Assert.java:110)
at org.testng.Assert.failNotEquals(Assert.java:1413)
at org.testng.Assert.assertTrue(Assert.java:56)
at org.testng.Assert.assertTrue(Assert.java:66)
at com.TestProjectFramework.Util.UtilMethods.validateUrl(UtilMethods.java:11)
at com.TestProjectFramework.TestScript.loginScript.validateLogin(loginScript.java:32)
at java.base/jdk.internal.reflect.NativeMethodAccessorImpl.invoke0(Native Method)
at java.base/jdk.internal.reflect.NativeMethodAccessorImpl.invoke(NativeMethodAccessorImpl.java:77)
at java.base/jdk.internal.reflect.DelegatingMethodAccessorImpl.invoke(DelegatingMethodAccessorImpl.java:43)
at java.base/java.lang.reflect.Method.invoke(Method.java:568)
at org.testng.internal.invokers.MethodInvocationHelper.invokeMethod(MethodInvocationHelper.java:139)
at org.testng.internal.invokers.TestInvoker.invokeMethod(TestInvoker.java:677)
at org.testng.internal.invokers.TestInvoker.retryFailed(TestInvoker.java:263)
at org.testng.internal.invokers.MethodRunner.runInSequence(MethodRunner.java:62)
at org.testng.internal.invokers.TestInvoker$MethodInvocationAgent.invoke(TestInvoker.java:969)
at org.testng.internal.invokers.TestInvoker.invokeTestMethods(TestInvoker.java:194)
at org.testng.internal.invokers.TestMethodWorker.invokeTestMethods(TestMethodWorker.java:148)
at org.testng.internal.invokers.TestMethodWorker.run(TestMethodWorker.java:128)
at java.base/java.util.ArrayList.forEach(ArrayList.java:1511)
at org.testng.TestRunner.privateRun(TestRunner.java:829)
at org.testng.TestRunner.run(TestRunner.java:602)
at org.testng.SuiteRunner.runTest(SuiteRunner.java:437)
at org.testng.SuiteRunner.runSequentially(SuiteRunner.java:431)
at org.testng.SuiteRunner.privateRun(SuiteRunner.java:391)
at org.testng.SuiteRunner.run(SuiteRunner.java:330)
at org.testng.SuiteRunnerWorker.runSuite(SuiteRunnerWorker.java:52)
at org.testng.SuiteRunnerWorker.run(SuiteRunnerWorker.java:95)
at org.testng.TestNG.runSuitesSequentially(TestNG.java:1256)
at org.testng.TestNG.runSuitesLocally(TestNG.java:1176)
at org.testng.TestNG.runSuites(TestNG.java:1099)
at org.testng.TestNG.run(TestNG.java:1067)
at org.testng.remote.AbstractRemoteTestNG.run(AbstractRemoteTestNG.java:115)
at org.testng.remote.RemoteTestNG.initAndRun(RemoteTestNG.java:251)
at org.testng.remote.RemoteTestNG.main(RemoteTestNG.java:77)
]]>
            </full-stacktrace>
          </exception> <!-- java.lang.AssertionError -->
          <reporter-output>
          </reporter-output>
        </test-method> <!-- validateLogin -->
        <test-method is-config="true" signature="closeBrowser(org.testng.ITestResult)[pri:0, instance:com.TestProjectFramework.TestScript.loginScript@6404f418]" started-at="2023-02-23T01:14:00 IST" name="closeBrowser" finished-at="2023-02-23T01:14:01 IST" duration-ms="594" status="PASS">
          <params>
            <param index="0">
              <value>
                <![CDATA[[TestResult name=validateLogin status=FAILURE method=loginScript.validateLogin(java.lang.String,java.lang.String)[pri:0, instance:com.TestProjectFramework.TestScript.loginScript@6404f418] output={null}]]]>
              </value>
            </param>
          </params>
          <reporter-output>
          </reporter-output>
        </test-method> <!-- closeBrowser -->
        <test-method is-config="true" signature="initialSetup()[pri:0, instance:com.TestProjectFramework.TestScript.loginScript@6404f418]" started-at="2023-02-23T01:14:01 IST" name="initialSetup" finished-at="2023-02-23T01:14:05 IST" duration-ms="3550" status="PASS">
          <reporter-output>
            <line>
              <![CDATA[Setting Done Test starts.....]]>
            </line>
            <line>
              <![CDATA[Test Started]]>
            </line>
          </reporter-output>
        </test-method> <!-- initialSetup -->
        <test-method signature="validateLogin(java.lang.String,java.lang.String)[pri:0, instance:com.TestProjectFramework.TestScript.loginScript@6404f418]" started-at="2023-02-23T01:14:05 IST" name="validateLogin" data-provider="LoginData" finished-at="2023-02-23T01:14:12 IST" duration-ms="7630" status="PASS">
          <params>
            <param index="0">
              <value>
                <![CDATA[Admin]]>
              </value>
            </param>
            <param index="1">
              <value>
                <![CDATA[admin123]]>
              </value>
            </param>
          </params>
          <reporter-output>
          </reporter-output>
        </test-method> <!-- validateLogin -->
        <test-method is-config="true" signature="closeBrowser(org.testng.ITestResult)[pri:0, instance:com.TestProjectFramework.TestScript.loginScript@6404f418]" started-at="2023-02-23T01:14:12 IST" name="closeBrowser" finished-at="2023-02-23T01:14:13 IST" duration-ms="417" status="PASS">
          <params>
            <param index="0">
              <value>
                <![CDATA[[TestResult name=validateLogin status=SUCCESS method=loginScript.validateLogin(java.lang.String,java.lang.String)[pri:0, instance:com.TestProjectFramework.TestScript.loginScript@6404f418] output={null}]]]>
              </value>
            </param>
          </params>
          <reporter-output>
          </reporter-output>
        </test-method> <!-- closeBrowser -->
        <test-method is-config="true" signature="reportFlush()[pri:0, instance:com.TestProjectFramework.TestScript.loginScript@6404f418]" started-at="2023-02-23T01:14:13 IST" name="reportFlush" finished-at="2023-02-23T01:14:15 IST" duration-ms="1978" status="PASS">
          <reporter-output>
          </reporter-output>
        </test-method> <!-- reportFlush -->
      </class> <!-- com.TestProjectFramework.TestScript.loginScript -->
    </test> <!-- Test -->
  </suite> <!-- Suite -->
</testng-results>
